# JRE version: Java(TM) SE Runtime Environment (8.0_91-b14) (build 1.8.0_91-b14)
# Java VM: Java HotSpot(TM) 64-Bit Server VM (25.91-b14 mixed mode bsd-amd64 compressed oops)
Heap:
 PSYoungGen      total 34304K, used 30430K [0x0000000795580000, 0x0000000797b80000, 0x00000007c0000000)
  eden space 32768K, 89% used [0x0000000795580000,0x0000000797217a20,0x0000000797580000)
  from space 1536K, 75% used [0x0000000797600000,0x0000000797720000,0x0000000797780000)
  to   space 2048K, 0% used [0x0000000797980000,0x0000000797980000,0x0000000797b80000)
 ParOldGen       total 87552K, used 40K [0x0000000740000000, 0x0000000745580000, 0x0000000795580000)
  object space 87552K, 0% used [0x0000000740000000,0x000000074000a000,0x0000000745580000)
 Metaspace       used 6916K, capacity 7043K, committed 7168K, reserved 1056768K
  class space    used 677K, capacity 760K, committed 768K, reserved 1048576K
GC Heap History (10 events):
Event: 211.226 GC heap before
{Heap before GC invocations=1 (full 0):
 PSYoungGen      total 38400K, used 33280K [0x0000000795580000, 0x0000000798000000, 0x00000007c0000000)
  eden space 33280K, 100% used [0x0000000795580000,0x0000000797600000,0x0000000797600000)
  from space 5120K, 0% used [0x0000000797b00000,0x0000000797b00000,0x0000000798000000)
  to   space 5120K, 0% used [0x0000000797600000,0x0000000797600000,0x0000000797b00000)
 ParOldGen       total 87552K, used 0K [0x0000000740000000, 0x0000000745580000, 0x0000000795580000)
  object space 87552K, 0% used [0x0000000740000000,0x0000000740000000,0x0000000745580000)
 Metaspace       used 6899K, capacity 7043K, committed 7168K, reserved 1056768K
  class space    used 677K, capacity 760K, committed 768K, reserved 1048576K
Event: 211.238 GC heap after
Heap after GC invocations=1 (full 0):
 PSYoungGen      total 38400K, used 1956K [0x0000000795580000, 0x0000000798000000, 0x00000007c0000000)
  eden space 33280K, 0% used [0x0000000795580000,0x0000000795580000,0x0000000797600000)
  from space 5120K, 38% used [0x0000000797600000,0x00000007977e90d0,0x0000000797b00000)
  to   space 5120K, 0% used [0x0000000797b00000,0x0000000797b00000,0x0000000798000000)
 ParOldGen       total 87552K, used 24K [0x0000000740000000, 0x0000000745580000, 0x0000000795580000)
  object space 87552K, 0% used [0x0000000740000000,0x0000000740006000,0x0000000745580000)
 Metaspace       used 6899K, capacity 7043K, committed 7168K, reserved 1056768K
  class space    used 677K, capacity 760K, committed 768K, reserved 1048576K
}
Event: 1219.247 GC heap before
{Heap before GC invocations=2 (full 0):
 PSYoungGen      total 38400K, used 35236K [0x0000000795580000, 0x0000000798000000, 0x00000007c0000000)
  eden space 33280K, 100% used [0x0000000795580000,0x0000000797600000,0x0000000797600000)
  from space 5120K, 38% used [0x0000000797600000,0x00000007977e90d0,0x0000000797b00000)
  to   space 5120K, 0% used [0x0000000797b00000,0x0000000797b00000,0x0000000798000000)
 ParOldGen       total 87552K, used 24K [0x0000000740000000, 0x0000000745580000, 0x0000000795580000)
  object space 87552K, 0% used [0x0000000740000000,0x0000000740006000,0x0000000745580000)
 Metaspace       used 6914K, capacity 7043K, committed 7168K, reserved 1056768K
  class space    used 677K, capacity 760K, committed 768K, reserved 1048576K
Event: 1219.254 GC heap after
Heap after GC invocations=2 (full 0):
 PSYoungGen      total 38400K, used 1344K [0x0000000795580000, 0x0000000798000000, 0x00000007c0000000)
  eden space 33280K, 0% used [0x0000000795580000,0x0000000795580000,0x0000000797600000)
  from space 5120K, 26% used [0x0000000797b00000,0x0000000797c50020,0x0000000798000000)
  to   space 5120K, 0% used [0x0000000797600000,0x0000000797600000,0x0000000797b00000)
 ParOldGen       total 87552K, used 32K [0x0000000740000000, 0x0000000745580000, 0x0000000795580000)
  object space 87552K, 0% used [0x0000000740000000,0x0000000740008000,0x0000000745580000)
 Metaspace       used 6914K, capacity 7043K, committed 7168K, reserved 1056768K
  class space    used 677K, capacity 760K, committed 768K, reserved 1048576K
}
Event: 2234.656 GC heap before
{Heap before GC invocations=3 (full 0):
 PSYoungGen      total 38400K, used 34624K [0x0000000795580000, 0x0000000798000000, 0x00000007c0000000)
  eden space 33280K, 100% used [0x0000000795580000,0x0000000797600000,0x0000000797600000)
  from space 5120K, 26% used [0x0000000797b00000,0x0000000797c50020,0x0000000798000000)
  to   space 5120K, 0% used [0x0000000797600000,0x0000000797600000,0x0000000797b00000)
 ParOldGen       total 87552K, used 32K [0x0000000740000000, 0x0000000745580000, 0x0000000795580000)
  object space 87552K, 0% used [0x0000000740000000,0x0000000740008000,0x0000000745580000)
 Metaspace       used 6914K, capacity 7043K, committed 7168K, reserved 1056768K
  class space    used 677K, capacity 760K, committed 768K, reserved 1048576K
Event: 2234.667 GC heap after
Heap after GC invocations=3 (full 0):
 PSYoungGen      total 38400K, used 1328K [0x0000000795580000, 0x0000000798000000, 0x00000007c0000000)
  eden space 33280K, 0% used [0x0000000795580000,0x0000000795580000,0x0000000797600000)
  from space 5120K, 25% used [0x0000000797600000,0x000000079774c010,0x0000000797b00000)
  to   space 5120K, 0% used [0x0000000797b00000,0x0000000797b00000,0x0000000798000000)
 ParOldGen       total 87552K, used 32K [0x0000000740000000, 0x0000000745580000, 0x0000000795580000)
  object space 87552K, 0% used [0x0000000740000000,0x0000000740008000,0x0000000745580000)
 Metaspace       used 6914K, capacity 7043K, committed 7168K, reserved 1056768K
  class space    used 677K, capacity 760K, committed 768K, reserved 1048576K
}
Event: 3246.181 GC heap before
{Heap before GC invocations=4 (full 0):
 PSYoungGen      total 38400K, used 34608K [0x0000000795580000, 0x0000000798000000, 0x00000007c0000000)
  eden space 33280K, 100% used [0x0000000795580000,0x0000000797600000,0x0000000797600000)
  from space 5120K, 25% used [0x0000000797600000,0x000000079774c010,0x0000000797b00000)
  to   space 5120K, 0% used [0x0000000797b00000,0x0000000797b00000,0x0000000798000000)
 ParOldGen       total 87552K, used 32K [0x0000000740000000, 0x0000000745580000, 0x0000000795580000)
  object space 87552K, 0% used [0x0000000740000000,0x0000000740008000,0x0000000745580000)
 Metaspace       used 6914K, capacity 7043K, committed 7168K, reserved 1056768K
  class space    used 677K, capacity 760K, committed 768K, reserved 1048576K
Event: 3246.191 GC heap after
Heap after GC invocations=4 (full 0):
 PSYoungGen      total 38400K, used 1152K [0x0000000795580000, 0x0000000798000000, 0x00000007c0000000)
  eden space 33280K, 0% used [0x0000000795580000,0x0000000795580000,0x0000000797600000)
  from space 5120K, 22% used [0x0000000797b00000,0x0000000797c20000,0x0000000798000000)
  to   space 5120K, 0% used [0x0000000797600000,0x0000000797600000,0x0000000797b00000)
 ParOldGen       total 87552K, used 40K [0x0000000740000000, 0x0000000745580000, 0x0000000795580000)
  object space 87552K, 0% used [0x0000000740000000,0x000000074000a000,0x0000000745580000)
 Metaspace       used 6914K, capacity 7043K, committed 7168K, reserved 1056768K
  class space    used 677K, capacity 760K, committed 768K, reserved 1048576K
}
Event: 4258.662 GC heap before
{Heap before GC invocations=5 (full 0):
 PSYoungGen      total 38400K, used 34432K [0x0000000795580000, 0x0000000798000000, 0x00000007c0000000)
  eden space 33280K, 100% used [0x0000000795580000,0x0000000797600000,0x0000000797600000)
  from space 5120K, 22% used [0x0000000797b00000,0x0000000797c20000,0x0000000798000000)
  to   space 5120K, 0% used [0x0000000797600000,0x0000000797600000,0x0000000797b00000)
 ParOldGen       total 87552K, used 40K [0x0000000740000000, 0x0000000745580000, 0x0000000795580000)
  object space 87552K, 0% used [0x0000000740000000,0x000000074000a000,0x0000000745580000)
 Metaspace       used 6914K, capacity 7043K, committed 7168K, reserved 1056768K
  class space    used 677K, capacity 760K, committed 768K, reserved 1048576K
Event: 4258.668 GC heap after
Heap after GC invocations=5 (full 0):
 PSYoungGen      total 34304K, used 1152K [0x0000000795580000, 0x0000000797b80000, 0x00000007c0000000)
  eden space 32768K, 0% used [0x0000000795580000,0x0000000795580000,0x0000000797580000)
  from space 1536K, 75% used [0x0000000797600000,0x0000000797720000,0x0000000797780000)
  to   space 2048K, 0% used [0x0000000797980000,0x0000000797980000,0x0000000797b80000)
 ParOldGen       total 87552K, used 40K [0x0000000740000000, 0x0000000745580000, 0x0000000795580000)
  object space 87552K, 0% used [0x0000000740000000,0x000000074000a000,0x0000000745580000)
 Metaspace       used 6914K, capacity 7043K, committed 7168K, reserved 1056768K
  class space    used 677K, capacity 760K, committed 768K, reserved 1048576K
}

